{"level":"info","message":{"action":"create","args":{"data":{"categoryId":1,"content":"Daha hızlı ve daha duyarlı bir deneyim sunan, ProMotion teknolojisine sahip 6.1 inç Super Retina XDR ekran","image":"image_1648375920628_iphone-pro-13.jpeg","price":24999,"quantity":20,"title":"iphone Pro 13"}},"dataPath":[],"model":"Product","runInTransaction":false},"service":"product-service"}
{"level":"info","message":{"action":"create","args":{"data":{"categoryId":1,"content":"Tüm akıllı telefon camlarından daha sağlam Ceramic Shield. Ve IP68 suya dayanıklılık derecesi.","image":"image_1648375979721_iphone-13.jpeg","price":18999,"quantity":20,"title":"iphone 13"}},"dataPath":[],"model":"Product","runInTransaction":false},"service":"product-service"}
{"level":"info","message":{"action":"create","args":{"data":{"categoryId":1,"content":"Touch ID özellikli Ana Ekran düğmesiyle güvenli bir şekilde iPhone’unuzun kilidini açın ve uygulamalara giriş yapın.","image":"image_1648376018423_iphone-se.jpeg","price":10999,"quantity":15,"title":"iphone SE"}},"dataPath":[],"model":"Product","runInTransaction":false},"service":"product-service"}
{"level":"info","message":{"action":"create","args":{"data":{"categoryId":1,"content":"Mükemmel kontrast ve olağanüstü renk doğruluğu özelliklerine sahip 6.1 inç Super Retina XDR ekran","image":"image_1648376110947_iphone-12.jpeg","price":17499,"quantity":20,"title":"iphone 12"}},"dataPath":[],"model":"Product","runInTransaction":false},"service":"product-service"}
{"level":"info","message":{"action":"create","args":{"data":{"categoryId":1,"content":"Gece modu, Portre modu ve saniyede 60 kareye kadar 4K video kaydı özelliklerine sahip çift kamera sistemi","image":"image_1648376196244_iphone-11.jpeg","price":12999,"quantity":10,"title":"iphone 11"}},"dataPath":[],"model":"Product","runInTransaction":false},"service":"product-service"}
{"level":"info","message":{"action":"create","args":{"data":{"categoryId":2,"content":"8 Çekirdekli CPU 14 çekirdekli GPU 16 GB Birleşik Bellek 512 GB SSD Depolama","image":"image_1648376406974_macbook-pro.jpeg","price":35499,"quantity":10,"title":"macbook pro"}},"dataPath":[],"model":"Product","runInTransaction":false},"service":"product-service"}
{"level":"info","message":{"action":"create","args":{"data":{"categoryId":2,"content":"8 Çekirdekli CPU’ya ve 7 Çekirdekli GPU’ya sahip Apple M1 Çip  256 GB Depolama Kapasitesi","image":"image_1648376594721_macbook-air.jpeg","price":17499,"quantity":25,"title":"macbook air"}},"dataPath":[],"model":"Product","runInTransaction":false},"service":"product-service"}
{"level":"info","message":{"action":"create","args":{"data":{"categoryId":1,"content":"Telefonunuzun hemen hemen tüm özelliklerine üst düzeyde güç katan 4nm çip ile efsanevi gece çekimleri, gündüzden geceye inanılmaz netlikte fotoğraflar ve optimum seviyede sizi zafere götüren bir mobil oyun deneyimi yaşamak mümkün.","image":"image_1648377016264_samsung-s22ultra.jpg","price":24999,"quantity":10,"title":"samsung s22 ultra"}},"dataPath":[],"model":"Product","runInTransaction":false},"service":"product-service"}
{"level":"info","message":{"action":"create","args":{"data":{"categoryId":1,"content":"Ergonomik ve şık tasarım ile gün boyunca elinden düşürmeyeceğiniz Redmi Note 8 6.3 inç geniş açılı kapasitif ekranı, çizilmeye dayanıklı ekran camı teknolojisi ve ideal ekran gövde oranıyla kullanmaktan keyif alacağınız bir üründür. ","image":"image_1648377202832_redmi-note8.png","price":3499,"quantity":25,"title":"mi note 8"}},"dataPath":[],"model":"Product","runInTransaction":false},"service":"product-service"}
{"level":"info","message":{"action":"create","args":{"data":{"categoryId":3,"content":"iPad Air’den en iyi şekilde yararlanın.Apple Pencil ile çizim yapın, not alın ve belgeleri imzalayın. Klavyeyle belge düzenleyin, mail yazın, hesap tabloları oluşturun ve daha birçok şey yapın.","image":"image_1648377347038_ipad-air.jpeg","price":10699,"quantity":20,"title":"ipad air"}},"dataPath":[],"model":"Product","runInTransaction":false},"service":"product-service"}
{"level":"info","message":{"action":"create","args":{"data":{"categoryId":7,"content":"İnovatif bir pim mekanizmasına sahip olan Spor Kordon, hem dayanıklı hem de şaşırtıcı derecede yumuşak bir malzeme olan yüksek performanslı floroelastomerden üretiliyor.","image":"image_1648377514777_apple-watch7.jpeg","price":6999,"quantity":15,"title":"apple watch 7"}},"dataPath":[],"model":"Product","runInTransaction":false},"service":"product-service"}
{"level":"info","message":{"action":"create","args":{"data":{"categoryId":6,"content":"EarPods’un içindeki hoparlörler, ses çıkışını en üst düzeye çıkarıp ses kaybını en aza indirerek yüksek kaliteli ses sağlamak için tasarlandı.","image":"image_1648377661527_earpods.jpeg","price":309,"quantity":20,"title":"EarPods"}},"dataPath":[],"model":"Product","runInTransaction":false},"service":"product-service"}
{"level":"info","message":{"action":"create","args":{"data":{"categoryId":5,"content":"24\" 75Hz 5ms (HDMI-Display) FreeSync Full HD IPS LED HAS+Pivot Monitör","image":"image_1648377954607_samsung-LF24T450FQRXUF .jpg","price":2191,"quantity":15,"title":"samsung LF24T450FQRXUF"}},"dataPath":[],"model":"Product","runInTransaction":false},"service":"product-service"}
{"level":"error","message":{"code":"ERR_HTTP_INVALID_STATUS_CODE"},"service":"product-service"}
{"level":"error","message":{"code":"ERR_HTTP_INVALID_STATUS_CODE"},"service":"product-service"}
{"level":"error","message":{"clientVersion":"3.10.0"},"service":"product-service"}
{"level":"error","message":{"clientVersion":"3.10.0"},"service":"product-service"}
{"level":"error","message":{"clientVersion":"3.10.0"},"service":"product-service"}
{"level":"error","message":{"clientVersion":"3.10.0"},"service":"product-service"}
{"level":"error","message":{"clientVersion":"3.10.0"},"service":"product-service"}
{"level":"error","message":{"clientVersion":"3.10.0"},"service":"product-service"}
{"level":"error","message":{"clientVersion":"3.10.0"},"service":"product-service"}
{"level":"error","message":{"clientVersion":"3.10.0"},"service":"product-service"}
{"level":"error","message":{"clientVersion":"3.10.0"},"service":"product-service"}
{"level":"error","message":{"clientVersion":"3.10.0"},"service":"product-service"}
{"level":"error","message":{"clientVersion":"3.10.0"},"service":"product-service"}
{"level":"error","message":{"clientVersion":"3.10.0"},"service":"product-service"}
{"level":"error","message":{"clientVersion":"3.10.0"},"service":"product-service"}
{"level":"error","message":{"clientVersion":"3.10.0"},"service":"product-service"}
{"level":"error","message":{"clientVersion":"3.10.0"},"service":"product-service"}
{"level":"error","message":{"clientVersion":"3.10.0"},"service":"product-service"}
{"level":"error","message":{"clientVersion":"3.10.0"},"service":"product-service"}
{"level":"error","message":{"clientVersion":"3.10.0"},"service":"product-service"}
{"level":"error","message":{"clientVersion":"3.10.0"},"service":"product-service"}
{"level":"error","message":{},"service":"product-service"}
{"level":"error","message":{},"service":"product-service"}
{"level":"error","message":{},"service":"product-service"}
{"level":"error","message":{},"service":"product-service"}
{"level":"error","message":{"clientVersion":"3.10.0"},"service":"product-service"}
{"level":"error","message":{"clientVersion":"3.10.0"},"service":"product-service"}
{"level":"error","message":{"clientVersion":"3.10.0"},"service":"product-service"}
{"level":"error","message":{"clientVersion":"3.10.0"},"service":"product-service"}
{"level":"error","message":{"clientVersion":"3.10.0"},"service":"product-service"}
{"level":"error","message":{},"service":"product-service"}
{"level":"error","message":{},"service":"product-service"}
{"level":"error","message":{"clientVersion":"3.10.0"},"service":"product-service"}
{"level":"error","message":{"clientVersion":"3.10.0"},"service":"product-service"}
{"level":"error","message":{},"service":"product-service"}
{"level":"error","message":{},"service":"product-service"}
{"level":"error","message":{},"service":"product-service"}
{"level":"error","message":{},"service":"product-service"}
{"level":"error","message":{},"service":"product-service"}
{"level":"error","message":{},"service":"product-service"}
{"level":"error","message":{},"service":"product-service"}
{"level":"error","message":{},"service":"product-service"}
{"level":"error","message":{},"service":"product-service"}
{"level":"error","message":{},"service":"product-service"}
{"level":"error","message":{},"service":"product-service"}
{"level":"error","message":{},"service":"product-service"}
{"level":"error","message":{},"service":"product-service"}
{"level":"error","message":{},"service":"product-service"}
{"level":"error","message":{},"service":"product-service"}
{"level":"error","message":{},"service":"product-service"}
{"level":"error","message":{},"service":"product-service"}
{"level":"error","message":{},"service":"product-service"}
{"level":"error","message":{},"service":"product-service"}
{"level":"error","message":{},"service":"product-service"}
{"level":"error","message":{},"service":"product-service"}
{"level":"error","message":{},"service":"product-service"}
{"level":"error","message":{"clientVersion":"3.10.0"},"service":"product-service"}
{"level":"error","message":{"clientVersion":"3.10.0"},"service":"product-service"}
